<?xml version="1.0" encoding="UTF-8"?>
<!-- Generated by org.testng.reporters.JUnitReportReporter -->
<testsuite skipped="0" hostname="DESKTOP-5VGEK71" name="com.training.sanity.tests.LoginTests" tests="1" failures="0" timestamp="2019-11-27T19:06:17 IST" time="23.220" errors="0">
  <testcase name="validLoginTest" time="23.220" classname="com.training.sanity.tests.LoginTests"/>
</testsuite> <!-- com.training.sanity.tests.LoginTests -->
