<?xml version="1.0" encoding="UTF-8"?>
<!-- Generated by org.testng.reporters.JUnitReportReporter -->
<testsuite skipped="0" hostname="DESKTOP-5VGEK71" name="com.training.sanity.tests.ELTC_006Test" tests="1" failures="0" timestamp="2019-11-28T09:26:37 IST" time="23.999" errors="0">
  <testcase name="validLoginTest" time="23.999" classname="com.training.sanity.tests.ELTC_006Test"/>
</testsuite> <!-- com.training.sanity.tests.ELTC_006Test -->
