<?xml version="1.0" encoding="UTF-8"?>
<!-- Generated by org.testng.reporters.JUnitReportReporter -->
<testsuite skipped="0" hostname="DESKTOP-5VGEK71" name="com.training.sanity.tests.TC01Test" tests="1" failures="0" timestamp="2019-11-27T23:44:58 IST" time="21.465" errors="0">
  <testcase name="validLoginTest" time="21.465" classname="com.training.sanity.tests.TC01Test"/>
</testsuite> <!-- com.training.sanity.tests.TC01Test -->
